===== RIVET FULL-ONLINE DEPLOY ATTEMPT 1/4 =====
 INFO inspecting Rivet Cloud token
 INFO enabling managed pool
 INFO pool status status=deploying
 INFO pool status status=deploying
 INFO pool status status=deploying
 INFO pool status status=deploying
 INFO pool status status=deploying
 INFO pool status status=deploying
 INFO pool status status=deploying
 INFO pool status status=deploying
 INFO pool status status=deploying
 INFO pool status status=deploying
 INFO pool status status=deploying
 INFO pool status status=deploying
 INFO pool status status=deploying
 INFO pool status status=deploying
 INFO pool status status=deploying
 INFO pool status status=deploying
 INFO pool status status=deploying
 INFO pool status status=deploying
 INFO pool status status=deploying
 INFO pool status status=deploying
 INFO pool status status=deploying
 INFO pool status status=deploying
 INFO pool status status=deploying
 INFO pool status status=deploying
 INFO pool status status=deploying
 INFO pool status status=deploying
 INFO pool status status=deploying
 INFO pool status status=deploying
 INFO pool status status=deploying
 INFO pool status status=deploying
 INFO pool status status=deploying
 INFO pool status status=deploying
 INFO pool status status=deploying
 INFO pool status status=deploying
 INFO pool status status=deploying
 INFO pool status status=deploying
 INFO pool status status=deploying
 INFO pool status status=deploying
 INFO pool status status=deploying
 INFO pool status status=deploying
 INFO pool status status=deploying
 INFO pool status status=deploying
 INFO pool status status=deploying
 INFO pool status status=deploying
 INFO pool status status=deploying
 INFO pool status status=deploying
 INFO pool status status=deploying
 INFO pool status status=deploying
 INFO pool status status=deploying
 INFO pool status status=deploying
 INFO pool status status=deploying
 INFO pool status status=deploying
 INFO pool status status=deploying
 INFO pool status status=deploying
 INFO pool status status=deploying
 INFO pool status status=deploying
 INFO pool status status=deploying
 INFO pool status status=deploying
 INFO pool status status=deploying
 INFO pool status status=deploying
 INFO pool status status=deploying
 INFO pool status status=deploying
 INFO pool status status=deploying
 INFO pool status status=deploying
 INFO pool status status=deploying
 INFO pool status status=deploying
 INFO pool status status=deploying
 INFO pool status status=deploying
 INFO pool status status=deploying
 INFO pool status status=deploying
 INFO pool status status=deploying
 INFO pool status status=deploying
 INFO pool status status=deploying
 INFO pool status status=deploying
 INFO pool status status=deploying
 INFO pool status status=deploying
 INFO pool status status=deploying
 INFO pool status status=deploying
 INFO pool status status=deploying
 INFO pool status status=deploying
 INFO pool status status=deploying
 INFO pool status status=deploying
 INFO pool status status=deploying
 INFO pool status status=deploying
 INFO pool status status=deploying
 INFO pool status status=deploying
 INFO pool status status=deploying
 INFO pool status status=deploying
 INFO pool status status=deploying
 INFO pool status status=deploying
 INFO pool status status=deploying
 INFO pool status status=deploying
 INFO pool status status=deploying
 INFO pool status status=deploying
 INFO pool status status=deploying
 INFO pool status status=deploying
 INFO pool status status=deploying
 INFO pool status status=deploying
 INFO pool status status=deploying
 INFO pool status status=deploying
 INFO pool status status=deploying
 INFO pool status status=deploying
 INFO pool status status=deploying
 INFO pool status status=deploying
 INFO pool status status=deploying
 INFO pool status status=deploying
 INFO pool status status=deploying
 INFO pool status status=deploying
 INFO pool status status=deploying
 INFO pool status status=deploying
 INFO pool status status=deploying
 INFO pool status status=deploying
 INFO pool status status=deploying
 INFO pool status status=deploying
 INFO pool status status=deploying
 INFO pool status status=deploying
 INFO pool status status=deploying
 INFO pool status status=deploying
 INFO pool status status=deploying
 INFO pool status status=deploying
 INFO pool status status=deploying
 INFO pool status status=deploying
 INFO pool status status=deploying
 INFO pool status status=deploying
 INFO pool status status=deploying
 INFO pool status status=deploying
 INFO pool status status=deploying
 INFO pool status status=deploying
 INFO pool status status=deploying
 INFO pool status status=deploying
 INFO pool status status=deploying
 INFO pool status status=deploying
 INFO pool status status=deploying
 INFO pool status status=deploying
 INFO pool status status=deploying
 INFO pool status status=deploying
 INFO pool status status=deploying
 INFO pool status status=deploying
 INFO pool status status=deploying
 INFO pool status status=deploying
 INFO pool status status=deploying
 INFO pool status status=deploying
 INFO pool status status=deploying
 INFO pool status status=deploying
 INFO pool status status=deploying
 INFO pool status status=deploying
 INFO pool status status=deploying
 INFO pool status status=deploying
 INFO pool status status=deploying
 INFO pool status status=deploying
 INFO pool status status=deploying
 INFO pool status status=deploying
 INFO pool status status=deploying
 INFO pool status status=deploying
 INFO pool status status=deploying
 INFO pool status status=deploying
 INFO pool status status=deploying
 INFO pool status status=deploying
 INFO pool status status=deploying
 INFO pool status status=deploying
 INFO pool status status=deploying
 INFO pool status status=deploying
 INFO pool status status=deploying
 INFO pool status status=deploying
 INFO pool status status=deploying
 INFO pool status status=deploying
 INFO pool status status=deploying
 INFO pool status status=deploying
 INFO pool status status=deploying
 INFO pool status status=deploying
 INFO pool status status=deploying
 INFO pool status status=deploying
 INFO pool status status=deploying
 INFO pool status status=deploying
 INFO pool status status=deploying
 INFO pool status status=deploying
 INFO pool status status=deploying
 INFO pool status status=deploying
 INFO pool status status=deploying
 INFO pool status status=deploying
Error: timed out waiting for managed pool to become ready
===== RIVET FULL-ONLINE DEPLOY ATTEMPT 2/4 =====
 INFO inspecting Rivet Cloud token
 INFO enabling managed pool
Error: Cloud API error 500 Internal Server Error: {"message":"Internal Server Error"}
