deploy-control	Deploy control plane to Rivet Compute staging	﻿2026-07-20T16:42:20.3416169Z ##[group]Run set -uo pipefail
deploy-control	Deploy control plane to Rivet Compute staging	2026-07-20T16:42:20.3417061Z ^[[36;1mset -uo pipefail^[[0m
deploy-control	Deploy control plane to Rivet Compute staging	2026-07-20T16:42:20.3417369Z ^[[36;1mRAW_LOG="$RUNNER_TEMP/rivet-control-deploy.log"^[[0m
deploy-control	Deploy control plane to Rivet Compute staging	2026-07-20T16:42:20.3417860Z ^[[36;1mATTEMPT_LOG="$RUNNER_TEMP/rivet-control-deploy-attempt.log"^[[0m
deploy-control	Deploy control plane to Rivet Compute staging	2026-07-20T16:42:20.3418302Z ^[[36;1mINSPECT_BODY="$RUNNER_TEMP/rivet-token-inspect.json"^[[0m
deploy-control	Deploy control plane to Rivet Compute staging	2026-07-20T16:42:20.3418741Z ^[[36;1mSUPABASE_URL="https://${SUPABASE_PROJECT_REF}.supabase.co"^[[0m
deploy-control	Deploy control plane to Rivet Compute staging	2026-07-20T16:42:20.3419108Z ^[[36;1m: > "$RAW_LOG"^[[0m
deploy-control	Deploy control plane to Rivet Compute staging	2026-07-20T16:42:20.3419323Z ^[[36;1m^[[0m
deploy-control	Deploy control plane to Rivet Compute staging	2026-07-20T16:42:20.3419545Z ^[[36;1mecho "Preflighting Rivet Cloud token"^[[0m
deploy-control	Deploy control plane to Rivet Compute staging	2026-07-20T16:42:20.3419836Z ^[[36;1mset +e^[[0m
deploy-control	Deploy control plane to Rivet Compute staging	2026-07-20T16:42:20.3420046Z ^[[36;1mINSPECT_CODE="$(curl \^[[0m
deploy-control	Deploy control plane to Rivet Compute staging	2026-07-20T16:42:20.3420305Z ^[[36;1m  --silent --show-error \^[[0m
deploy-control	Deploy control plane to Rivet Compute staging	2026-07-20T16:42:20.3420572Z ^[[36;1m  --connect-timeout 10 \^[[0m
deploy-control	Deploy control plane to Rivet Compute staging	2026-07-20T16:42:20.3420828Z ^[[36;1m  --max-time 30 \^[[0m
deploy-control	Deploy control plane to Rivet Compute staging	2026-07-20T16:42:20.3421070Z ^[[36;1m  --retry 6 \^[[0m
deploy-control	Deploy control plane to Rivet Compute staging	2026-07-20T16:42:20.3421301Z ^[[36;1m  --retry-delay 3 \^[[0m
deploy-control	Deploy control plane to Rivet Compute staging	2026-07-20T16:42:20.3421585Z ^[[36;1m  --retry-max-time 120 \^[[0m
deploy-control	Deploy control plane to Rivet Compute staging	2026-07-20T16:42:20.3421842Z ^[[36;1m  --retry-all-errors \^[[0m
deploy-control	Deploy control plane to Rivet Compute staging	2026-07-20T16:42:20.3422103Z ^[[36;1m  --output "$INSPECT_BODY" \^[[0m
deploy-control	Deploy control plane to Rivet Compute staging	2026-07-20T16:42:20.3422384Z ^[[36;1m  --write-out '%{http_code}' \^[[0m
deploy-control	Deploy control plane to Rivet Compute staging	2026-07-20T16:42:20.3422844Z ^[[36;1m  --header "Authorization: ***" \^[[0m
deploy-control	Deploy control plane to Rivet Compute staging	2026-07-20T16:42:20.3423179Z ^[[36;1m  --header "Accept: application/json" \^[[0m
deploy-control	Deploy control plane to Rivet Compute staging	2026-07-20T16:42:20.3423558Z ^[[36;1m  https://cloud-api.rivet.dev/tokens/api/inspect)"^[[0m
deploy-control	Deploy control plane to Rivet Compute staging	2026-07-20T16:42:20.3423897Z ^[[36;1mINSPECT_STATUS=$?^[[0m
deploy-control	Deploy control plane to Rivet Compute staging	2026-07-20T16:42:20.3424131Z ^[[36;1mset -e^[[0m
deploy-control	Deploy control plane to Rivet Compute staging	2026-07-20T16:42:20.3424328Z ^[[36;1m^[[0m
deploy-control	Deploy control plane to Rivet Compute staging	2026-07-20T16:42:20.3424886Z ^[[36;1mif [ "$INSPECT_STATUS" -ne 0 ]; then^[[0m
deploy-control	Deploy control plane to Rivet Compute staging	2026-07-20T16:42:20.3425278Z ^[[36;1m  echo "Rivet Cloud API could not be reached after retries" >&2^[[0m
deploy-control	Deploy control plane to Rivet Compute staging	2026-07-20T16:42:20.3425650Z ^[[36;1m  exit "$INSPECT_STATUS"^[[0m
deploy-control	Deploy control plane to Rivet Compute staging	2026-07-20T16:42:20.3425899Z ^[[36;1mfi^[[0m
deploy-control	Deploy control plane to Rivet Compute staging	2026-07-20T16:42:20.3426084Z ^[[36;1m^[[0m
deploy-control	Deploy control plane to Rivet Compute staging	2026-07-20T16:42:20.3426282Z ^[[36;1mcase "$INSPECT_CODE" in^[[0m
deploy-control	Deploy control plane to Rivet Compute staging	2026-07-20T16:42:20.3426526Z ^[[36;1m  200)^[[0m
deploy-control	Deploy control plane to Rivet Compute staging	2026-07-20T16:42:20.3426775Z ^[[36;1m    echo "Rivet Cloud token preflight passed"^[[0m
deploy-control	Deploy control plane to Rivet Compute staging	2026-07-20T16:42:20.3427067Z ^[[36;1m    ;;^[[0m
deploy-control	Deploy control plane to Rivet Compute staging	2026-07-20T16:42:20.3427256Z ^[[36;1m  401|403)^[[0m
deploy-control	Deploy control plane to Rivet Compute staging	2026-07-20T16:42:20.3427555Z ^[[36;1m    echo "Rivet Cloud token rejected with HTTP $INSPECT_CODE" >&2^[[0m
deploy-control	Deploy control plane to Rivet Compute staging	2026-07-20T16:42:20.3427921Z ^[[36;1m    exit 2^[[0m
deploy-control	Deploy control plane to Rivet Compute staging	2026-07-20T16:42:20.3428120Z ^[[36;1m    ;;^[[0m
deploy-control	Deploy control plane to Rivet Compute staging	2026-07-20T16:42:20.3428307Z ^[[36;1m  *)^[[0m
deploy-control	Deploy control plane to Rivet Compute staging	2026-07-20T16:42:20.3428592Z ^[[36;1m    echo "Rivet token inspection returned HTTP $INSPECT_CODE" >&2^[[0m
deploy-control	Deploy control plane to Rivet Compute staging	2026-07-20T16:42:20.3428963Z ^[[36;1m    cat "$INSPECT_BODY" >&2 || true^[[0m
deploy-control	Deploy control plane to Rivet Compute staging	2026-07-20T16:42:20.3429230Z ^[[36;1m    exit 1^[[0m
deploy-control	Deploy control plane to Rivet Compute staging	2026-07-20T16:42:20.3429423Z ^[[36;1m    ;;^[[0m
deploy-control	Deploy control plane to Rivet Compute staging	2026-07-20T16:42:20.3429617Z ^[[36;1mesac^[[0m
deploy-control	Deploy control plane to Rivet Compute staging	2026-07-20T16:42:20.3429803Z ^[[36;1m^[[0m
deploy-control	Deploy control plane to Rivet Compute staging	2026-07-20T16:42:20.3430001Z ^[[36;1mcd backend/rivet-control^[[0m
deploy-control	Deploy control plane to Rivet Compute staging	2026-07-20T16:42:20.3430256Z ^[[36;1mDEPLOY_STATUS=1^[[0m
deploy-control	Deploy control plane to Rivet Compute staging	2026-07-20T16:42:20.3430492Z ^[[36;1mMAX_ATTEMPTS=4^[[0m
deploy-control	Deploy control plane to Rivet Compute staging	2026-07-20T16:42:20.3430708Z ^[[36;1m^[[0m
deploy-control	Deploy control plane to Rivet Compute staging	2026-07-20T16:42:20.3430929Z ^[[36;1mfor ATTEMPT in $(seq 1 "$MAX_ATTEMPTS"); do^[[0m
deploy-control	Deploy control plane to Rivet Compute staging	2026-07-20T16:42:20.3431225Z ^[[36;1m  : > "$ATTEMPT_LOG"^[[0m
deploy-control	Deploy control plane to Rivet Compute staging	2026-07-20T16:42:20.3431618Z ^[[36;1m  echo "===== RIVET DEPLOY ATTEMPT $ATTEMPT/$MAX_ATTEMPTS =====" | tee -a "$RAW_LOG"^[[0m
deploy-control	Deploy control plane to Rivet Compute staging	2026-07-20T16:42:20.3432024Z ^[[36;1m^[[0m
deploy-control	Deploy control plane to Rivet Compute staging	2026-07-20T16:42:20.3432202Z ^[[36;1m  set +e^[[0m
deploy-control	Deploy control plane to Rivet Compute staging	2026-07-20T16:42:20.3432441Z ^[[36;1m  npx --yes @rivetkit/cli@latest deploy \^[[0m
deploy-control	Deploy control plane to Rivet Compute staging	2026-07-20T16:42:20.3432754Z ^[[36;1m    --token "$RIVET_CLOUD_TOKEN" \^[[0m
deploy-control	Deploy control plane to Rivet Compute staging	2026-07-20T16:42:20.3433040Z ^[[36;1m    --namespace staging \^[[0m
deploy-control	Deploy control plane to Rivet Compute staging	2026-07-20T16:42:20.3433310Z ^[[36;1m    --dockerfile Dockerfile \^[[0m
deploy-control	Deploy control plane to Rivet Compute staging	2026-07-20T16:42:20.3433587Z ^[[36;1m    --build-context . \^[[0m
deploy-control	Deploy control plane to Rivet Compute staging	2026-07-20T16:42:20.3433829Z ^[[36;1m    --yes \^[[0m
deploy-control	Deploy control plane to Rivet Compute staging	2026-07-20T16:42:20.3434069Z ^[[36;1m    --image colony-rivet-control \^[[0m
deploy-control	Deploy control plane to Rivet Compute staging	2026-07-20T16:42:20.3434367Z ^[[36;1m    --tag "${GITHUB_SHA:0:12}" \^[[0m
deploy-control	Deploy control plane to Rivet Compute staging	2026-07-20T16:42:20.3435098Z ^[[36;1m    --cpu 1 \^[[0m
deploy-control	Deploy control plane to Rivet Compute staging	2026-07-20T16:42:20.3435466Z ^[[36;1m    --memory 512Mi \^[[0m
deploy-control	Deploy control plane to Rivet Compute staging	2026-07-20T16:42:20.3435747Z ^[[36;1m    --instance-request-concurrency 80 \^[[0m
deploy-control	Deploy control plane to Rivet Compute staging	2026-07-20T16:42:20.3436050Z ^[[36;1m    --min-scale 0 \^[[0m
deploy-control	Deploy control plane to Rivet Compute staging	2026-07-20T16:42:20.3436290Z ^[[36;1m    --max-scale 1 \^[[0m
deploy-control	Deploy control plane to Rivet Compute staging	2026-07-20T16:42:20.3436542Z ^[[36;1m    --max-concurrent-actors 1000 \^[[0m
deploy-control	Deploy control plane to Rivet Compute staging	2026-07-20T16:42:20.3436839Z ^[[36;1m    --env "NODE_ENV=production" \^[[0m
deploy-control	Deploy control plane to Rivet Compute staging	2026-07-20T16:42:20.3437147Z ^[[36;1m    --env "SUPABASE_URL=${SUPABASE_URL}" \^[[0m
deploy-control	Deploy control plane to Rivet Compute staging	2026-07-20T16:42:20.3437505Z ^[[36;1m    --env "SUPABASE_SECRET_KEY=${SUPABASE_SECRET_KEY}" \^[[0m
deploy-control	Deploy control plane to Rivet Compute staging	2026-07-20T16:42:20.3437905Z ^[[36;1m    --env "SUPPORTED_BUILD_ID=${SUPPORTED_BUILD_ID}" \^[[0m
deploy-control	Deploy control plane to Rivet Compute staging	2026-07-20T16:42:20.3438290Z ^[[36;1m    --env "PROTOCOL_VERSION=${PROTOCOL_VERSION}" \^[[0m
deploy-control	Deploy control plane to Rivet Compute staging	2026-07-20T16:42:20.3438625Z ^[[36;1m    --env "MIN_PLAYERS=${MIN_PLAYERS}" \^[[0m
deploy-control	Deploy control plane to Rivet Compute staging	2026-07-20T16:42:20.3438932Z ^[[36;1m    --env "MAX_PLAYERS=${MAX_PLAYERS}" \^[[0m
deploy-control	Deploy control plane to Rivet Compute staging	2026-07-20T16:42:20.3439262Z ^[[36;1m    --env "QUEUE_TTL_SECONDS=${QUEUE_TTL_SECONDS}" \^[[0m
deploy-control	Deploy control plane to Rivet Compute staging	2026-07-20T16:42:20.3439635Z ^[[36;1m    --env "REGIONS_JSON=${EFFECTIVE_REGIONS_JSON}" \^[[0m
deploy-control	Deploy control plane to Rivet Compute staging	2026-07-20T16:42:20.3439985Z ^[[36;1m    2>&1 | tee "$ATTEMPT_LOG" | tee -a "$RAW_LOG"^[[0m
deploy-control	Deploy control plane to Rivet Compute staging	2026-07-20T16:42:20.3440304Z ^[[36;1m  DEPLOY_STATUS=${PIPESTATUS[0]}^[[0m
deploy-control	Deploy control plane to Rivet Compute staging	2026-07-20T16:42:20.3440577Z ^[[36;1m  set -e^[[0m
deploy-control	Deploy control plane to Rivet Compute staging	2026-07-20T16:42:20.3440772Z ^[[36;1m^[[0m
deploy-control	Deploy control plane to Rivet Compute staging	2026-07-20T16:42:20.3440981Z ^[[36;1m  if [ "$DEPLOY_STATUS" -eq 0 ]; then^[[0m
deploy-control	Deploy control plane to Rivet Compute staging	2026-07-20T16:42:20.3441392Z ^[[36;1m    echo "Rivet deployment succeeded on attempt $ATTEMPT" | tee -a "$RAW_LOG"^[[0m
deploy-control	Deploy control plane to Rivet Compute staging	2026-07-20T16:42:20.3441789Z ^[[36;1m    break^[[0m
deploy-control	Deploy control plane to Rivet Compute staging	2026-07-20T16:42:20.3441985Z ^[[36;1m  fi^[[0m
deploy-control	Deploy control plane to Rivet Compute staging	2026-07-20T16:42:20.3442171Z ^[[36;1m^[[0m
deploy-control	Deploy control plane to Rivet Compute staging	2026-07-20T16:42:20.3442595Z ^[[36;1m  if grep -Eqi '401 Unauthorized|403 Forbidden|invalid token|unauthorized|forbidden' "$ATTEMPT_LOG"; then^[[0m
deploy-control	Deploy control plane to Rivet Compute staging	2026-07-20T16:42:20.3443222Z ^[[36;1m    echo "Permanent authentication/authorization failure; not retrying" >&2^[[0m
deploy-control	Deploy control plane to Rivet Compute staging	2026-07-20T16:42:20.3443618Z ^[[36;1m    break^[[0m
deploy-control	Deploy control plane to Rivet Compute staging	2026-07-20T16:42:20.3443815Z ^[[36;1m  fi^[[0m
deploy-control	Deploy control plane to Rivet Compute staging	2026-07-20T16:42:20.3443996Z ^[[36;1m^[[0m
deploy-control	Deploy control plane to Rivet Compute staging	2026-07-20T16:42:20.3444706Z ^[[36;1m  if grep -Eqi 'Invalid value specified|validation failed|must be between|not supported with' "$ATTEMPT_LOG"; then^[[0m
deploy-control	Deploy control plane to Rivet Compute staging	2026-07-20T16:42:20.3445418Z ^[[36;1m    echo "Permanent Rivet deployment configuration failure; not retrying" >&2^[[0m
deploy-control	Deploy control plane to Rivet Compute staging	2026-07-20T16:42:20.3445824Z ^[[36;1m    break^[[0m
deploy-control	Deploy control plane to Rivet Compute staging	2026-07-20T16:42:20.3446019Z ^[[36;1m  fi^[[0m
deploy-control	Deploy control plane to Rivet Compute staging	2026-07-20T16:42:20.3446204Z ^[[36;1m^[[0m
deploy-control	Deploy control plane to Rivet Compute staging	2026-07-20T16:42:20.3447256Z ^[[36;1m  if grep -Eqi '429 Too Many Requests|502 Bad Gateway|503 Service Unavailable|504 Gateway Timeout|upstream connect error|connection termination|connection reset|reset before headers|temporarily unavailable|timed out|timeout|TLS|network error|socket hang up|ECONNRESET|ETIMEDOUT' "$ATTEMPT_LOG"; then^[[0m
deploy-control	Deploy control plane to Rivet Compute staging	2026-07-20T16:42:20.3448433Z ^[[36;1m    if [ "$ATTEMPT" -lt "$MAX_ATTEMPTS" ]; then^[[0m
deploy-control	Deploy control plane to Rivet Compute staging	2026-07-20T16:42:20.3448777Z ^[[36;1m      DELAY=$((15 * (2 ** (ATTEMPT - 1))))^[[0m
deploy-control	Deploy control plane to Rivet Compute staging	2026-07-20T16:42:20.3449229Z ^[[36;1m      echo "Transient Rivet failure detected; retrying in ${DELAY}s" | tee -a "$RAW_LOG"^[[0m
deploy-control	Deploy control plane to Rivet Compute staging	2026-07-20T16:42:20.3449679Z ^[[36;1m      sleep "$DELAY"^[[0m
deploy-control	Deploy control plane to Rivet Compute staging	2026-07-20T16:42:20.3449911Z ^[[36;1m      continue^[[0m
deploy-control	Deploy control plane to Rivet Compute staging	2026-07-20T16:42:20.3450120Z ^[[36;1m    fi^[[0m
deploy-control	Deploy control plane to Rivet Compute staging	2026-07-20T16:42:20.3450308Z ^[[36;1m  fi^[[0m
deploy-control	Deploy control plane to Rivet Compute staging	2026-07-20T16:42:20.3450491Z ^[[36;1m^[[0m
deploy-control	Deploy control plane to Rivet Compute staging	2026-07-20T16:42:20.3450783Z ^[[36;1m  echo "Non-transient or exhausted Rivet deployment failure" >&2^[[0m
deploy-control	Deploy control plane to Rivet Compute staging	2026-07-20T16:42:20.3451140Z ^[[36;1m  break^[[0m
deploy-control	Deploy control plane to Rivet Compute staging	2026-07-20T16:42:20.3451330Z ^[[36;1mdone^[[0m
deploy-control	Deploy control plane to Rivet Compute staging	2026-07-20T16:42:20.3451511Z ^[[36;1m^[[0m
deploy-control	Deploy control plane to Rivet Compute staging	2026-07-20T16:42:20.3451688Z ^[[36;1mcd ../..^[[0m
deploy-control	Deploy control plane to Rivet Compute staging	2026-07-20T16:42:20.3451875Z ^[[36;1m^[[0m
deploy-control	Deploy control plane to Rivet Compute staging	2026-07-20T16:42:20.3452170Z ^[[36;1mpython - "$RAW_LOG" build/rivet-staging/deploy-sanitized.log <<'PY'^[[0m
deploy-control	Deploy control plane to Rivet Compute staging	2026-07-20T16:42:20.3452545Z ^[[36;1mimport os^[[0m
deploy-control	Deploy control plane to Rivet Compute staging	2026-07-20T16:42:20.3452757Z ^[[36;1mimport sys^[[0m
deploy-control	Deploy control plane to Rivet Compute staging	2026-07-20T16:42:20.3452977Z ^[[36;1mfrom pathlib import Path^[[0m
deploy-control	Deploy control plane to Rivet Compute staging	2026-07-20T16:42:20.3453221Z ^[[36;1m^[[0m
deploy-control	Deploy control plane to Rivet Compute staging	2026-07-20T16:42:20.3453648Z ^[[36;1msource = Path(sys.argv[1])^[[0m
deploy-control	Deploy control plane to Rivet Compute staging	2026-07-20T16:42:20.3454185Z ^[[36;1mraw = source.read_text(encoding="utf-8", errors="replace") if source.exists() else ""^[[0m
deploy-control	Deploy control plane to Rivet Compute staging	2026-07-20T16:42:20.3455012Z ^[[36;1mfor name in ("RIVET_CLOUD_TOKEN", "SUPABASE_SECRET_KEY"):^[[0m
deploy-control	Deploy control plane to Rivet Compute staging	2026-07-20T16:42:20.3455367Z ^[[36;1m    value = os.environ.get(name, "")^[[0m
deploy-control	Deploy control plane to Rivet Compute staging	2026-07-20T16:42:20.3455655Z ^[[36;1m    if value:^[[0m
deploy-control	Deploy control plane to Rivet Compute staging	2026-07-20T16:42:20.3455898Z ^[[36;1m        raw = raw.replace(value, "***")^[[0m
deploy-control	Deploy control plane to Rivet Compute staging	2026-07-20T16:42:20.3456243Z ^[[36;1mPath(sys.argv[2]).write_text(raw, encoding="utf-8")^[[0m
deploy-control	Deploy control plane to Rivet Compute staging	2026-07-20T16:42:20.3456637Z ^[[36;1mPY^[[0m
deploy-control	Deploy control plane to Rivet Compute staging	2026-07-20T16:42:20.3456827Z ^[[36;1m^[[0m
deploy-control	Deploy control plane to Rivet Compute staging	2026-07-20T16:42:20.3457032Z ^[[36;1mif [ "$DEPLOY_STATUS" -ne 0 ]; then^[[0m
deploy-control	Deploy control plane to Rivet Compute staging	2026-07-20T16:42:20.3457409Z ^[[36;1m  echo "Rivet deployment failed; status $DEPLOY_STATUS" >&2^[[0m
deploy-control	Deploy control plane to Rivet Compute staging	2026-07-20T16:42:20.3457761Z ^[[36;1m  exit "$DEPLOY_STATUS"^[[0m
deploy-control	Deploy control plane to Rivet Compute staging	2026-07-20T16:42:20.3457998Z ^[[36;1mfi^[[0m
deploy-control	Deploy control plane to Rivet Compute staging	2026-07-20T16:42:20.3458178Z ^[[36;1m^[[0m
deploy-control	Deploy control plane to Rivet Compute staging	2026-07-20T16:42:20.3458461Z ^[[36;1mpython - "$RAW_LOG" build/rivet-staging/control-url.txt <<'PY'^[[0m
deploy-control	Deploy control plane to Rivet Compute staging	2026-07-20T16:42:20.3458829Z ^[[36;1mimport re^[[0m
deploy-control	Deploy control plane to Rivet Compute staging	2026-07-20T16:42:20.3459035Z ^[[36;1mimport sys^[[0m
deploy-control	Deploy control plane to Rivet Compute staging	2026-07-20T16:42:20.3459240Z ^[[36;1mimport time^[[0m
deploy-control	Deploy control plane to Rivet Compute staging	2026-07-20T16:42:20.3459460Z ^[[36;1mimport urllib.error^[[0m
deploy-control	Deploy control plane to Rivet Compute staging	2026-07-20T16:42:20.3459701Z ^[[36;1mimport urllib.request^[[0m
deploy-control	Deploy control plane to Rivet Compute staging	2026-07-20T16:42:20.3459956Z ^[[36;1mfrom pathlib import Path^[[0m
deploy-control	Deploy control plane to Rivet Compute staging	2026-07-20T16:42:20.3460234Z ^[[36;1mfrom urllib.parse import urlsplit^[[0m
deploy-control	Deploy control plane to Rivet Compute staging	2026-07-20T16:42:20.3460506Z ^[[36;1m^[[0m
deploy-control	Deploy control plane to Rivet Compute staging	2026-07-20T16:42:20.3460739Z ^[[36;1mansi = re.compile(r"\x1b\[[0-?]*[ -/]*[@-~]")^[[0m
deploy-control	Deploy control plane to Rivet Compute staging	2026-07-20T16:42:20.3461185Z ^[[36;1mtext = ansi.sub("", Path(sys.argv[1]).read_text(encoding="utf-8", errors="replace"))^[[0m
deploy-control	Deploy control plane to Rivet Compute staging	2026-07-20T16:42:20.3461649Z ^[[36;1murls = re.findall(r"https://[^\s<>'\"]+", text)^[[0m
deploy-control	Deploy control plane to Rivet Compute staging	2026-07-20T16:42:20.3461963Z ^[[36;1mblocked_hosts = {^[[0m
deploy-control	Deploy control plane to Rivet Compute staging	2026-07-20T16:42:20.3462199Z ^[[36;1m    "github.com",^[[0m
deploy-control	Deploy control plane to Rivet Compute staging	2026-07-20T16:42:20.3462432Z ^[[36;1m    "npmjs.com",^[[0m
deploy-control	Deploy control plane to Rivet Compute staging	2026-07-20T16:42:20.3462666Z ^[[36;1m    "www.npmjs.com",^[[0m
deploy-control	Deploy control plane to Rivet Compute staging	2026-07-20T16:42:20.3462937Z ^[[36;1m    "rivet.dev",^[[0m
deploy-control	Deploy control plane to Rivet Compute staging	2026-07-20T16:42:20.3463176Z ^[[36;1m    "cloud-api.rivet.dev",^[[0m
deploy-control	Deploy control plane to Rivet Compute staging	2026-07-20T16:42:20.3463453Z ^[[36;1m    "dashboard.rivet.dev",^[[0m
deploy-control	Deploy control plane to Rivet Compute staging	2026-07-20T16:42:20.3463720Z ^[[36;1m    "registry.rivet.dev",^[[0m
deploy-control	Deploy control plane to Rivet Compute staging	2026-07-20T16:42:20.3463961Z ^[[36;1m}^[[0m
deploy-control	Deploy control plane to Rivet Compute staging	2026-07-20T16:42:20.3464153Z ^[[36;1mcandidates = []^[[0m
deploy-control	Deploy control plane to Rivet Compute staging	2026-07-20T16:42:20.3464622Z ^[[36;1mfor raw in reversed(urls):^[[0m
deploy-control	Deploy control plane to Rivet Compute staging	2026-07-20T16:42:20.3465016Z ^[[36;1m    raw = raw.rstrip(".,);]}")^[[0m
deploy-control	Deploy control plane to Rivet Compute staging	2026-07-20T16:42:20.3465297Z ^[[36;1m    parts = urlsplit(raw)^[[0m
deploy-control	Deploy control plane to Rivet Compute staging	2026-07-20T16:42:20.3465691Z ^[[36;1m    if not parts.scheme or not parts.netloc or parts.hostname in blocked_hosts:^[[0m
deploy-control	Deploy control plane to Rivet Compute staging	2026-07-20T16:42:20.3466105Z ^[[36;1m        continue^[[0m
deploy-control	Deploy control plane to Rivet Compute staging	2026-07-20T16:42:20.3466376Z ^[[36;1m    origin = f"{parts.scheme}://{parts.netloc}"^[[0m
deploy-control	Deploy control plane to Rivet Compute staging	2026-07-20T16:42:20.3466694Z ^[[36;1m    if origin not in candidates:^[[0m
deploy-control	Deploy control plane to Rivet Compute staging	2026-07-20T16:42:20.3466982Z ^[[36;1m        candidates.append(origin)^[[0m
deploy-control	Deploy control plane to Rivet Compute staging	2026-07-20T16:42:20.3467248Z ^[[36;1m^[[0m
deploy-control	Deploy control plane to Rivet Compute staging	2026-07-20T16:42:20.3467437Z ^[[36;1mif not candidates:^[[0m
deploy-control	Deploy control plane to Rivet Compute staging	2026-07-20T16:42:20.3467797Z ^[[36;1m    raise SystemExit("No deployment endpoint URL was emitted by Rivet CLI")^[[0m
deploy-control	Deploy control plane to Rivet Compute staging	2026-07-20T16:42:20.3468189Z ^[[36;1m^[[0m
deploy-control	Deploy control plane to Rivet Compute staging	2026-07-20T16:42:20.3468379Z ^[[36;1mdeadline = time.time() + 360^[[0m
deploy-control	Deploy control plane to Rivet Compute staging	2026-07-20T16:42:20.3468692Z ^[[36;1mlast_error = "no deployment endpoint responded"^[[0m
deploy-control	Deploy control plane to Rivet Compute staging	2026-07-20T16:42:20.3469011Z ^[[36;1mwhile time.time() < deadline:^[[0m
deploy-control	Deploy control plane to Rivet Compute staging	2026-07-20T16:42:20.3469279Z ^[[36;1m    for origin in candidates:^[[0m
deploy-control	Deploy control plane to Rivet Compute staging	2026-07-20T16:42:20.3469529Z ^[[36;1m        try:^[[0m
deploy-control	Deploy control plane to Rivet Compute staging	2026-07-20T16:42:20.3469779Z ^[[36;1m            request = urllib.request.Request(^[[0m
deploy-control	Deploy control plane to Rivet Compute staging	2026-07-20T16:42:20.3470097Z ^[[36;1m                f"{origin}/v1/health",^[[0m
deploy-control	Deploy control plane to Rivet Compute staging	2026-07-20T16:42:20.3470517Z ^[[36;1m                headers={"accept": "application/json", "user-agent": "colony-rivet-ci"},^[[0m
deploy-control	Deploy control plane to Rivet Compute staging	2026-07-20T16:42:20.3470926Z ^[[36;1m            )^[[0m
deploy-control	Deploy control plane to Rivet Compute staging	2026-07-20T16:42:20.3471247Z ^[[36;1m            with urllib.request.urlopen(request, timeout=10) as response:^[[0m
deploy-control	Deploy control plane to Rivet Compute staging	2026-07-20T16:42:20.3471983Z ^[[36;1m                body = response.read().decode("utf-8", errors="replace")^[[0m
deploy-control	Deploy control plane to Rivet Compute staging	2026-07-20T16:42:20.3472459Z ^[[36;1m                if response.status == 200 and '"ok":true' in body.replace(" ", ""):^[[0m
deploy-control	Deploy control plane to Rivet Compute staging	2026-07-20T16:42:20.3472957Z ^[[36;1m                    Path(sys.argv[2]).write_text(origin + "\n", encoding="utf-8")^[[0m
deploy-control	Deploy control plane to Rivet Compute staging	2026-07-20T16:42:20.3473400Z ^[[36;1m                    print(f"Resolved control-plane URL: {origin}")^[[0m
deploy-control	Deploy control plane to Rivet Compute staging	2026-07-20T16:42:20.3473756Z ^[[36;1m                    raise SystemExit(0)^[[0m
deploy-control	Deploy control plane to Rivet Compute staging	2026-07-20T16:42:20.3474138Z ^[[36;1m        except (urllib.error.URLError, TimeoutError, OSError) as exc:^[[0m
deploy-control	Deploy control plane to Rivet Compute staging	2026-07-20T16:42:20.3474683Z ^[[36;1m            last_error = f"{origin}: {exc}"^[[0m
deploy-control	Deploy control plane to Rivet Compute staging	2026-07-20T16:42:20.3474975Z ^[[36;1m    time.sleep(5)^[[0m
deploy-control	Deploy control plane to Rivet Compute staging	2026-07-20T16:42:20.3475209Z ^[[36;1m^[[0m
deploy-control	Deploy control plane to Rivet Compute staging	2026-07-20T16:42:20.3475558Z ^[[36;1mraise SystemExit(f"Could not verify deployed control-plane endpoint: {last_error}")^[[0m
deploy-control	Deploy control plane to Rivet Compute staging	2026-07-20T16:42:20.3475988Z ^[[36;1mPY^[[0m
deploy-control	Deploy control plane to Rivet Compute staging	2026-07-20T16:42:20.3476176Z ^[[36;1m^[[0m
deploy-control	Deploy control plane to Rivet Compute staging	2026-07-20T16:42:20.3476465Z ^[[36;1mCONTROL_URL="$(tr -d '\r\n' < build/rivet-staging/control-url.txt)"^[[0m
deploy-control	Deploy control plane to Rivet Compute staging	2026-07-20T16:42:20.3476837Z ^[[36;1mtest -n "$CONTROL_URL"^[[0m
deploy-control	Deploy control plane to Rivet Compute staging	2026-07-20T16:42:20.3477155Z ^[[36;1mecho "RIVET_CONTROL_URL=$CONTROL_URL" >> "$GITHUB_ENV"^[[0m
deploy-control	Deploy control plane to Rivet Compute staging	2026-07-20T16:42:20.3534361Z shell: /usr/bin/bash --noprofile --norc -e -o pipefail {0}
deploy-control	Deploy control plane to Rivet Compute staging	2026-07-20T16:42:20.3534841Z env:
deploy-control	Deploy control plane to Rivet Compute staging	2026-07-20T16:42:20.3535226Z   RIVET_CLOUD_TOKEN: ***
deploy-control	Deploy control plane to Rivet Compute staging	2026-07-20T16:42:20.3535573Z   SUPABASE_SECRET_KEY: ***
deploy-control	Deploy control plane to Rivet Compute staging	2026-07-20T16:42:20.3535842Z   SUPABASE_PROJECT_REF: mlwsxeqorlfgmxqxnfoo
deploy-control	Deploy control plane to Rivet Compute staging	2026-07-20T16:42:20.3536146Z   REGIONS_JSON: 
deploy-control	Deploy control plane to Rivet Compute staging	2026-07-20T16:42:20.3536452Z   SUPPORTED_BUILD_ID: PHASE-05.3-ONLINE-PRODUCTION-COMPLETION
deploy-control	Deploy control plane to Rivet Compute staging	2026-07-20T16:42:20.3536811Z   PROTOCOL_VERSION: 3
deploy-control	Deploy control plane to Rivet Compute staging	2026-07-20T16:42:20.3537024Z   MIN_PLAYERS: 2
deploy-control	Deploy control plane to Rivet Compute staging	2026-07-20T16:42:20.3537221Z   MAX_PLAYERS: 10
deploy-control	Deploy control plane to Rivet Compute staging	2026-07-20T16:42:20.3537425Z   QUEUE_TTL_SECONDS: 120
deploy-control	Deploy control plane to Rivet Compute staging	2026-07-20T16:42:20.3537933Z   EFFECTIVE_REGIONS_JSON: [{"id":"eu","displayName":"Avrupa","shortName":"EU","probeUrl":"","enabled":true,"providerRegion":"fra"}]
deploy-control	Deploy control plane to Rivet Compute staging	2026-07-20T16:42:20.3538493Z ##[endgroup]
deploy-control	Deploy control plane to Rivet Compute staging	2026-07-20T16:42:20.3616937Z Preflighting Rivet Cloud token
deploy-control	Deploy control plane to Rivet Compute staging	2026-07-20T16:42:20.6239468Z Rivet Cloud token preflight passed
deploy-control	Deploy control plane to Rivet Compute staging	2026-07-20T16:42:20.6276908Z ===== RIVET DEPLOY ATTEMPT 1/4 =====
deploy-control	Deploy control plane to Rivet Compute staging	2026-07-20T16:42:23.4885177Z ^[[32m INFO^[[0m inspecting Rivet Cloud token
deploy-control	Deploy control plane to Rivet Compute staging	2026-07-20T16:42:23.8158876Z ^[[32m INFO^[[0m enabling managed pool
deploy-control	Deploy control plane to Rivet Compute staging	2026-07-20T16:42:25.3635838Z ^[[32m INFO^[[0m pool status ^[[3mstatus^[[0m^[[2m=^[[0mdeploying
deploy-control	Deploy control plane to Rivet Compute staging	2026-07-20T16:42:27.4908426Z ^[[32m INFO^[[0m pool status ^[[3mstatus^[[0m^[[2m=^[[0mdeploying
deploy-control	Deploy control plane to Rivet Compute staging	2026-07-20T16:42:29.6615986Z ^[[32m INFO^[[0m pool status ^[[3mstatus^[[0m^[[2m=^[[0mdeploying
deploy-control	Deploy control plane to Rivet Compute staging	2026-07-20T16:42:31.7975169Z ^[[32m INFO^[[0m pool status ^[[3mstatus^[[0m^[[2m=^[[0mdeploying
deploy-control	Deploy control plane to Rivet Compute staging	2026-07-20T16:42:34.0018113Z ^[[32m INFO^[[0m pool status ^[[3mstatus^[[0m^[[2m=^[[0mdeploying
deploy-control	Deploy control plane to Rivet Compute staging	2026-07-20T16:42:36.1349590Z ^[[32m INFO^[[0m pool status ^[[3mstatus^[[0m^[[2m=^[[0mdeploying
deploy-control	Deploy control plane to Rivet Compute staging	2026-07-20T16:42:38.2683468Z ^[[32m INFO^[[0m pool status ^[[3mstatus^[[0m^[[2m=^[[0mdeploying
deploy-control	Deploy control plane to Rivet Compute staging	2026-07-20T16:42:40.3966828Z ^[[32m INFO^[[0m pool status ^[[3mstatus^[[0m^[[2m=^[[0mready
deploy-control	Deploy control plane to Rivet Compute staging	2026-07-20T16:42:40.3968089Z ^[[32m INFO^[[0m logging in to Rivet registry
deploy-control	Deploy control plane to Rivet Compute staging	2026-07-20T16:42:41.2149194Z 
deploy-control	Deploy control plane to Rivet Compute staging	2026-07-20T16:42:41.2150619Z WARNING! Your credentials are stored unencrypted in '/home/runner/.docker/config.json'.
deploy-control	Deploy control plane to Rivet Compute staging	2026-07-20T16:42:41.2151989Z Configure a credential helper to remove this warning. See
deploy-control	Deploy control plane to Rivet Compute staging	2026-07-20T16:42:41.2153044Z https://docs.docker.com/go/credential-store/
deploy-control	Deploy control plane to Rivet Compute staging	2026-07-20T16:42:41.2153632Z 
deploy-control	Deploy control plane to Rivet Compute staging	2026-07-20T16:42:41.2153920Z Login Succeeded
deploy-control	Deploy control plane to Rivet Compute staging	2026-07-20T16:42:41.2169102Z ^[[32m INFO^[[0m building Docker image
deploy-control	Deploy control plane to Rivet Compute staging	2026-07-20T16:42:41.2170599Z ^[[32m INFO^[[0m running command ^[[3mcommand^[[0m^[[2m=^[[0mdocker buildx build --platform linux/amd64 --load . -f Dockerfile -t registry.rivet.dev/colony-rivet-control:70a85eb19f32
deploy-control	Deploy control plane to Rivet Compute staging	2026-07-20T16:42:41.4743886Z #0 building with "default" instance using docker driver
deploy-control	Deploy control plane to Rivet Compute staging	2026-07-20T16:42:41.4744331Z 
deploy-control	Deploy control plane to Rivet Compute staging	2026-07-20T16:42:41.4745199Z #1 [internal] load build definition from Dockerfile
deploy-control	Deploy control plane to Rivet Compute staging	2026-07-20T16:42:41.4746245Z #1 transferring dockerfile: 490B done
deploy-control	Deploy control plane to Rivet Compute staging	2026-07-20T16:42:41.4746937Z #1 DONE 0.0s
deploy-control	Deploy control plane to Rivet Compute staging	2026-07-20T16:42:41.4747353Z 
deploy-control	Deploy control plane to Rivet Compute staging	2026-07-20T16:42:41.4747935Z #2 [internal] load metadata for docker.io/library/node:24-alpine
deploy-control	Deploy control plane to Rivet Compute staging	2026-07-20T16:42:41.6126430Z #2 DONE 0.3s
deploy-control	Deploy control plane to Rivet Compute staging	2026-07-20T16:42:41.6508976Z 
deploy-control	Deploy control plane to Rivet Compute staging	2026-07-20T16:42:41.6511351Z #3 [internal] load .dockerignore
deploy-control	Deploy control plane to Rivet Compute staging	2026-07-20T16:42:41.6513613Z #3 transferring context: 104B done
deploy-control	Deploy control plane to Rivet Compute staging	2026-07-20T16:42:41.6525360Z #3 DONE 0.0s
deploy-control	Deploy control plane to Rivet Compute staging	2026-07-20T16:42:41.6533127Z 
deploy-control	Deploy control plane to Rivet Compute staging	2026-07-20T16:42:41.6543082Z #4 [build 1/7] FROM docker.io/library/node:24-alpine@sha256:a0b9bf06e4e6193cf7a0f58816cc935ff8c2a908f81e6f1a95432d679c54fbfd
deploy-control	Deploy control plane to Rivet Compute staging	2026-07-20T16:42:41.6544189Z #4 DONE 0.0s
deploy-control	Deploy control plane to Rivet Compute staging	2026-07-20T16:42:41.6544791Z 
deploy-control	Deploy control plane to Rivet Compute staging	2026-07-20T16:42:41.6545138Z #5 [internal] load build context
deploy-control	Deploy control plane to Rivet Compute staging	2026-07-20T16:42:41.6545790Z #5 transferring context: 369B done
deploy-control	Deploy control plane to Rivet Compute staging	2026-07-20T16:42:41.6546308Z #5 DONE 0.0s
deploy-control	Deploy control plane to Rivet Compute staging	2026-07-20T16:42:41.6546592Z 
deploy-control	Deploy control plane to Rivet Compute staging	2026-07-20T16:42:41.6546923Z #6 [build 3/7] COPY package*.json ./
deploy-control	Deploy control plane to Rivet Compute staging	2026-07-20T16:42:41.6547492Z #6 CACHED
deploy-control	Deploy control plane to Rivet Compute staging	2026-07-20T16:42:41.6547756Z 
deploy-control	Deploy control plane to Rivet Compute staging	2026-07-20T16:42:41.6548160Z #7 [build 4/7] RUN npm install --no-audit --no-fund
deploy-control	Deploy control plane to Rivet Compute staging	2026-07-20T16:42:41.6548749Z #7 CACHED
deploy-control	Deploy control plane to Rivet Compute staging	2026-07-20T16:42:41.6549023Z 
deploy-control	Deploy control plane to Rivet Compute staging	2026-07-20T16:42:41.6549341Z #8 [build 5/7] COPY tsconfig.json ./
deploy-control	Deploy control plane to Rivet Compute staging	2026-07-20T16:42:41.6549847Z #8 CACHED
deploy-control	Deploy control plane to Rivet Compute staging	2026-07-20T16:42:41.6550112Z 
deploy-control	Deploy control plane to Rivet Compute staging	2026-07-20T16:42:41.6550385Z #9 [build 6/7] COPY src ./src
deploy-control	Deploy control plane to Rivet Compute staging	2026-07-20T16:42:41.6550853Z #9 CACHED
deploy-control	Deploy control plane to Rivet Compute staging	2026-07-20T16:42:41.6551115Z 
deploy-control	Deploy control plane to Rivet Compute staging	2026-07-20T16:42:41.6551374Z #10 [build 2/7] WORKDIR /app
deploy-control	Deploy control plane to Rivet Compute staging	2026-07-20T16:42:41.6551853Z #10 CACHED
deploy-control	Deploy control plane to Rivet Compute staging	2026-07-20T16:42:41.6552112Z 
deploy-control	Deploy control plane to Rivet Compute staging	2026-07-20T16:42:41.6552796Z #11 [runtime 4/5] RUN npm install --omit=dev --no-audit --no-fund && npm cache clean --force
deploy-control	Deploy control plane to Rivet Compute staging	2026-07-20T16:42:41.6553598Z #11 CACHED
deploy-control	Deploy control plane to Rivet Compute staging	2026-07-20T16:42:41.6553862Z 
deploy-control	Deploy control plane to Rivet Compute staging	2026-07-20T16:42:41.6554267Z #12 [build 7/7] RUN npm run typecheck && npm run build
deploy-control	Deploy control plane to Rivet Compute staging	2026-07-20T16:42:41.6555061Z #12 CACHED
deploy-control	Deploy control plane to Rivet Compute staging	2026-07-20T16:42:41.6555323Z 
deploy-control	Deploy control plane to Rivet Compute staging	2026-07-20T16:42:41.6555759Z #13 [runtime 5/5] COPY --from=build /app/dist ./dist
deploy-control	Deploy control plane to Rivet Compute staging	2026-07-20T16:42:41.6556368Z #13 CACHED
deploy-control	Deploy control plane to Rivet Compute staging	2026-07-20T16:42:41.6556645Z 
deploy-control	Deploy control plane to Rivet Compute staging	2026-07-20T16:42:41.6556909Z #14 exporting to image
deploy-control	Deploy control plane to Rivet Compute staging	2026-07-20T16:42:41.6557401Z #14 exporting layers done
deploy-control	Deploy control plane to Rivet Compute staging	2026-07-20T16:42:41.6558399Z #14 writing image sha256:4d65b1f6c4cb3ec97a20b997d9f397d1aadfc54a40b4772b20bd5e1d8c9c51c9 done
deploy-control	Deploy control plane to Rivet Compute staging	2026-07-20T16:42:41.6559619Z #14 naming to registry.rivet.dev/colony-rivet-control:70a85eb19f32 done
deploy-control	Deploy control plane to Rivet Compute staging	2026-07-20T16:42:41.6560351Z #14 DONE 0.0s
deploy-control	Deploy control plane to Rivet Compute staging	2026-07-20T16:42:41.6582948Z ^[[32m INFO^[[0m pushing Docker image
deploy-control	Deploy control plane to Rivet Compute staging	2026-07-20T16:42:41.6584758Z ^[[32m INFO^[[0m running command ^[[3mcommand^[[0m^[[2m=^[[0mdocker push registry.rivet.dev/colony-rivet-control:70a85eb19f32
deploy-control	Deploy control plane to Rivet Compute staging	2026-07-20T16:42:41.6859019Z The push refers to repository [registry.rivet.dev/colony-rivet-control]
deploy-control	Deploy control plane to Rivet Compute staging	2026-07-20T16:42:41.8496924Z 4cd9e3da5283: Preparing
deploy-control	Deploy control plane to Rivet Compute staging	2026-07-20T16:42:41.8497533Z 39bf981a4724: Preparing
deploy-control	Deploy control plane to Rivet Compute staging	2026-07-20T16:42:41.8512529Z 8e630b984afd: Preparing
deploy-control	Deploy control plane to Rivet Compute staging	2026-07-20T16:42:41.8512856Z dd9549de451f: Preparing
deploy-control	Deploy control plane to Rivet Compute staging	2026-07-20T16:42:41.8513165Z 01028eae6924: Preparing
deploy-control	Deploy control plane to Rivet Compute staging	2026-07-20T16:42:41.8513463Z b0d4b0de8306: Preparing
deploy-control	Deploy control plane to Rivet Compute staging	2026-07-20T16:42:41.8513729Z 0ba8902ff50f: Preparing
deploy-control	Deploy control plane to Rivet Compute staging	2026-07-20T16:42:41.8513987Z 34884abbe928: Preparing
deploy-control	Deploy control plane to Rivet Compute staging	2026-07-20T16:42:41.8514242Z b0d4b0de8306: Waiting
deploy-control	Deploy control plane to Rivet Compute staging	2026-07-20T16:42:41.8514825Z 0ba8902ff50f: Waiting
deploy-control	Deploy control plane to Rivet Compute staging	2026-07-20T16:42:41.8515126Z 34884abbe928: Waiting
deploy-control	Deploy control plane to Rivet Compute staging	2026-07-20T16:42:43.6393641Z 01028eae6924: Layer already exists
deploy-control	Deploy control plane to Rivet Compute staging	2026-07-20T16:42:44.3180329Z b0d4b0de8306: Layer already exists
deploy-control	Deploy control plane to Rivet Compute staging	2026-07-20T16:42:45.9140694Z 0ba8902ff50f: Layer already exists
deploy-control	Deploy control plane to Rivet Compute staging	2026-07-20T16:42:47.0211198Z 34884abbe928: Layer already exists
deploy-control	Deploy control plane to Rivet Compute staging	2026-07-20T16:42:47.2597325Z 8e630b984afd: Pushed
deploy-control	Deploy control plane to Rivet Compute staging	2026-07-20T16:42:47.3199650Z 4cd9e3da5283: Pushed
deploy-control	Deploy control plane to Rivet Compute staging	2026-07-20T16:42:47.6404811Z dd9549de451f: Pushed
deploy-control	Deploy control plane to Rivet Compute staging	2026-07-20T16:43:04.9517093Z 39bf981a4724: Pushed
deploy-control	Deploy control plane to Rivet Compute staging	2026-07-20T16:43:15.4878759Z 70a85eb19f32: digest: sha256:6b6b9c2eb430692141e6c8aa2fd8918e405f4cded034c3a3dc1514707b92b4be size: 1994
deploy-control	Deploy control plane to Rivet Compute staging	2026-07-20T16:43:15.4910395Z ^[[32m INFO^[[0m upserting managed pool
deploy-control	Deploy control plane to Rivet Compute staging	2026-07-20T16:43:16.8829310Z ^[[32m INFO^[[0m pool status ^[[3mstatus^[[0m^[[2m=^[[0mdeploying
deploy-control	Deploy control plane to Rivet Compute staging	2026-07-20T16:43:19.0092515Z ^[[32m INFO^[[0m pool status ^[[3mstatus^[[0m^[[2m=^[[0mdeploying
deploy-control	Deploy control plane to Rivet Compute staging	2026-07-20T16:43:21.1362371Z ^[[32m INFO^[[0m pool status ^[[3mstatus^[[0m^[[2m=^[[0mdeploying
deploy-control	Deploy control plane to Rivet Compute staging	2026-07-20T16:43:23.2706349Z ^[[32m INFO^[[0m pool status ^[[3mstatus^[[0m^[[2m=^[[0mdeploying
deploy-control	Deploy control plane to Rivet Compute staging	2026-07-20T16:43:25.4123272Z ^[[32m INFO^[[0m pool status ^[[3mstatus^[[0m^[[2m=^[[0mdeploying
deploy-control	Deploy control plane to Rivet Compute staging	2026-07-20T16:43:27.5818305Z ^[[32m INFO^[[0m pool status ^[[3mstatus^[[0m^[[2m=^[[0mdeploying
deploy-control	Deploy control plane to Rivet Compute staging	2026-07-20T16:43:29.7085877Z ^[[32m INFO^[[0m pool status ^[[3mstatus^[[0m^[[2m=^[[0mdeploying
deploy-control	Deploy control plane to Rivet Compute staging	2026-07-20T16:43:31.8347385Z ^[[32m INFO^[[0m pool status ^[[3mstatus^[[0m^[[2m=^[[0mdeploying
deploy-control	Deploy control plane to Rivet Compute staging	2026-07-20T16:43:33.9580544Z ^[[32m INFO^[[0m pool status ^[[3mstatus^[[0m^[[2m=^[[0mdeploying
deploy-control	Deploy control plane to Rivet Compute staging	2026-07-20T16:43:36.0826696Z ^[[32m INFO^[[0m pool status ^[[3mstatus^[[0m^[[2m=^[[0mdeploying
deploy-control	Deploy control plane to Rivet Compute staging	2026-07-20T16:43:38.2238327Z ^[[32m INFO^[[0m pool status ^[[3mstatus^[[0m^[[2m=^[[0mdeploying
deploy-control	Deploy control plane to Rivet Compute staging	2026-07-20T16:43:40.3512080Z ^[[32m INFO^[[0m pool status ^[[3mstatus^[[0m^[[2m=^[[0mdeploying
deploy-control	Deploy control plane to Rivet Compute staging	2026-07-20T16:43:42.4788029Z ^[[32m INFO^[[0m pool status ^[[3mstatus^[[0m^[[2m=^[[0mdeploying
deploy-control	Deploy control plane to Rivet Compute staging	2026-07-20T16:43:44.6053098Z ^[[32m INFO^[[0m pool status ^[[3mstatus^[[0m^[[2m=^[[0mdeploying
deploy-control	Deploy control plane to Rivet Compute staging	2026-07-20T16:43:46.7396978Z ^[[32m INFO^[[0m pool status ^[[3mstatus^[[0m^[[2m=^[[0mdeploying
deploy-control	Deploy control plane to Rivet Compute staging	2026-07-20T16:43:48.8655982Z ^[[32m INFO^[[0m pool status ^[[3mstatus^[[0m^[[2m=^[[0mdeploying
deploy-control	Deploy control plane to Rivet Compute staging	2026-07-20T16:43:50.9950847Z ^[[32m INFO^[[0m pool status ^[[3mstatus^[[0m^[[2m=^[[0mdeploying
deploy-control	Deploy control plane to Rivet Compute staging	2026-07-20T16:43:53.1260658Z ^[[32m INFO^[[0m pool status ^[[3mstatus^[[0m^[[2m=^[[0mdeploying
deploy-control	Deploy control plane to Rivet Compute staging	2026-07-20T16:43:55.2534137Z ^[[32m INFO^[[0m pool status ^[[3mstatus^[[0m^[[2m=^[[0mready
deploy-control	Deploy control plane to Rivet Compute staging	2026-07-20T16:43:55.2537569Z https://dashboard.rivet.dev/orgs/yOqDe3oynkJcMLHZfQ5xc1ocXMBBTjvG/projects/colonyio-3bo7/ns/staging-4x4s?skipOnboarding=1
deploy-control	Deploy control plane to Rivet Compute staging	2026-07-20T16:43:55.2735181Z Rivet deployment succeeded on attempt 1
deploy-control	Deploy control plane to Rivet Compute staging	2026-07-20T16:49:56.2868462Z Could not verify deployed control-plane endpoint: https://docs.docker.com: HTTP Error 404: Not Found
deploy-control	Deploy control plane to Rivet Compute staging	2026-07-20T16:49:56.2963270Z ##[error]Process completed with exit code 1.
